sending changed CSS file: resources/public/css/style.css
[0mCompiling "resources/public/js/compiled/orbital-solution.js" from ["src"]...
WARNING: update already refers to: cljs.core/update being replaced by: orbital-solution.core/update at line 14 /Users/jaakko.leikko/git/orbital-solution/src/orbital_solution/core.cljs
notifying browser that file changed:  resources/public/js/compiled/out/goog/deps.js
notifying browser that file changed:  resources/public/js/compiled/out/cljs_deps.js
notifying browser that file changed:  out/orbital_solution/core.js
[32mSuccessfully compiled "resources/public/js/compiled/orbital-solution.js" in 0.546 seconds.[0m
[0mCompiling "resources/public/js/compiled/orbital-solution.js" from ["src"]...
WARNING: update already refers to: cljs.core/update being replaced by: orbital-solution.core/update at line 14 /Users/jaakko.leikko/git/orbital-solution/src/orbital_solution/core.cljs
notifying browser that file changed:  out/orbital_solution/core.js
[32mSuccessfully compiled "resources/public/js/compiled/orbital-solution.js" in 0.489 seconds.[0m
[0mCompiling "resources/public/js/compiled/orbital-solution.js" from ["src"]...
WARNING: update already refers to: cljs.core/update being replaced by: orbital-solution.core/update at line 15 /Users/jaakko.leikko/git/orbital-solution/src/orbital_solution/core.cljs
notifying browser that file changed:  out/orbital_solution/core.js
[32mSuccessfully compiled "resources/public/js/compiled/orbital-solution.js" in 0.308 seconds.[0m
sending changed CSS file: resources/public/css/style.css
[0mCompiling "resources/public/js/compiled/orbital-solution.js" from ["src"]...
WARNING: update already refers to: cljs.core/update being replaced by: orbital-solution.core/update at line 15 /Users/jaakko.leikko/git/orbital-solution/src/orbital_solution/core.cljs
notifying browser that file changed:  resources/public/js/compiled/out/goog/deps.js
notifying browser that file changed:  resources/public/js/compiled/out/cljs_deps.js
notifying browser that file changed:  out/orbital_solution/core.js
[32mSuccessfully compiled "resources/public/js/compiled/orbital-solution.js" in 0.41 seconds.[0m
[0mCompiling "resources/public/js/compiled/orbital-solution.js" from ["src"]...
WARNING: update already refers to: cljs.core/update being replaced by: orbital-solution.core/update at line 16 /Users/jaakko.leikko/git/orbital-solution/src/orbital_solution/core.cljs
notifying browser that file changed:  out/orbital_solution/core.js
[32mSuccessfully compiled "resources/public/js/compiled/orbital-solution.js" in 0.263 seconds.[0m
[0mCompiling "resources/public/js/compiled/orbital-solution.js" from ["src"]...
WARNING: update already refers to: cljs.core/update being replaced by: orbital-solution.core/update at line 16 /Users/jaakko.leikko/git/orbital-solution/src/orbital_solution/core.cljs
notifying browser that file changed:  out/orbital_solution/core.js
[32mSuccessfully compiled "resources/public/js/compiled/orbital-solution.js" in 0.284 seconds.[0m
[0mCompiling "resources/public/js/compiled/orbital-solution.js" from ["src"]...
WARNING: update already refers to: cljs.core/update being replaced by: orbital-solution.core/update at line 16 /Users/jaakko.leikko/git/orbital-solution/src/orbital_solution/core.cljs
notifying browser that file changed:  out/orbital_solution/core.js
[32mSuccessfully compiled "resources/public/js/compiled/orbital-solution.js" in 0.275 seconds.[0m
[0mCompiling "resources/public/js/compiled/orbital-solution.js" from ["src"]...
WARNING: update already refers to: cljs.core/update being replaced by: orbital-solution.core/update at line 16 /Users/jaakko.leikko/git/orbital-solution/src/orbital_solution/core.cljs
notifying browser that file changed:  out/orbital_solution/core.js
[32mSuccessfully compiled "resources/public/js/compiled/orbital-solution.js" in 0.257 seconds.[0m
[0mCompiling "resources/public/js/compiled/orbital-solution.js" from ["src"]...
WARNING: update already refers to: cljs.core/update being replaced by: orbital-solution.core/update at line 16 /Users/jaakko.leikko/git/orbital-solution/src/orbital_solution/core.cljs
notifying browser that file changed:  out/orbital_solution/core.js
[32mSuccessfully compiled "resources/public/js/compiled/orbital-solution.js" in 0.268 seconds.[0m
[0mCompiling "resources/public/js/compiled/orbital-solution.js" from ["src"]...
notifying browser that file changed:  out/orbital_solution/core.js
[32mSuccessfully compiled "resources/public/js/compiled/orbital-solution.js" in 0.261 seconds.[0m
[0mCompiling "resources/public/js/compiled/orbital-solution.js" from ["src"]...
notifying browser that file changed:  out/orbital_solution/core.js
[32mSuccessfully compiled "resources/public/js/compiled/orbital-solution.js" in 0.282 seconds.[0m
[0mCompiling "resources/public/js/compiled/orbital-solution.js" from ["src"]...
WARNING: Use of undeclared Var orbital-solution.core/bagin-animation at line 41 /Users/jaakko.leikko/git/orbital-solution/src/orbital_solution/core.cljs
notifying browser that file changed:  out/orbital_solution/core.js
[32mSuccessfully compiled "resources/public/js/compiled/orbital-solution.js" in 0.264 seconds.[0m
[0mCompiling "resources/public/js/compiled/orbital-solution.js" from ["src"]...
WARNING: Use of undeclared Var orbital-solution.core/bagin-animation at line 41 /Users/jaakko.leikko/git/orbital-solution/src/orbital_solution/core.cljs
notifying browser that file changed:  out/orbital_solution/core.js
[32mSuccessfully compiled "resources/public/js/compiled/orbital-solution.js" in 0.261 seconds.[0m
[0mCompiling "resources/public/js/compiled/orbital-solution.js" from ["src"]...
WARNING: Use of undeclared Var orbital-solution.core/bagin-animation at line 41 /Users/jaakko.leikko/git/orbital-solution/src/orbital_solution/core.cljs
notifying browser that file changed:  out/orbital_solution/core.js
[32mSuccessfully compiled "resources/public/js/compiled/orbital-solution.js" in 0.249 seconds.[0m
[0mCompiling "resources/public/js/compiled/orbital-solution.js" from ["src"]...
notifying browser that file changed:  out/orbital_solution/core.js
[32mSuccessfully compiled "resources/public/js/compiled/orbital-solution.js" in 0.233 seconds.[0m
[0mCompiling "resources/public/js/compiled/orbital-solution.js" from ["src"]...
notifying browser that file changed:  out/orbital_solution/core.js
[32mSuccessfully compiled "resources/public/js/compiled/orbital-solution.js" in 0.245 seconds.[0m
[0mCompiling "resources/public/js/compiled/orbital-solution.js" from ["src"]...
notifying browser that file changed:  out/orbital_solution/core.js
[32mSuccessfully compiled "resources/public/js/compiled/orbital-solution.js" in 0.256 seconds.[0m
[0mCompiling "resources/public/js/compiled/orbital-solution.js" from ["src"]...
WARNING: Wrong number of args (1) passed to quil.core/image at line 21 /Users/jaakko.leikko/git/orbital-solution/src/orbital_solution/core.cljs
notifying browser that file changed:  out/orbital_solution/core.js
[32mSuccessfully compiled "resources/public/js/compiled/orbital-solution.js" in 0.265 seconds.[0m
[0mCompiling "resources/public/js/compiled/orbital-solution.js" from ["src"]...
notifying browser that file changed:  out/orbital_solution/core.js
[32mSuccessfully compiled "resources/public/js/compiled/orbital-solution.js" in 0.234 seconds.[0m
[0mCompiling "resources/public/js/compiled/orbital-solution.js" from ["src"]...
notifying browser that file changed:  out/orbital_solution/core.js
[32mSuccessfully compiled "resources/public/js/compiled/orbital-solution.js" in 0.242 seconds.[0m
[0mCompiling "resources/public/js/compiled/orbital-solution.js" from ["src"]...
notifying browser that file changed:  out/orbital_solution/core.js
[32mSuccessfully compiled "resources/public/js/compiled/orbital-solution.js" in 0.236 seconds.[0m
[0mCompiling "resources/public/js/compiled/orbital-solution.js" from ["src"]...
notifying browser that file changed:  out/orbital_solution/core.js
[32mSuccessfully compiled "resources/public/js/compiled/orbital-solution.js" in 0.279 seconds.[0m
[0mCompiling "resources/public/js/compiled/orbital-solution.js" from ["src"]...
notifying browser that file changed:  out/orbital_solution/core.js
[32mSuccessfully compiled "resources/public/js/compiled/orbital-solution.js" in 0.234 seconds.[0m
[0mCompiling "resources/public/js/compiled/orbital-solution.js" from ["src"]...
WARNING: Wrong number of args (1) passed to quil.core/image at line 21 /Users/jaakko.leikko/git/orbital-solution/src/orbital_solution/core.cljs
WARNING: Wrong number of args (3) passed to :background at line 21 /Users/jaakko.leikko/git/orbital-solution/src/orbital_solution/core.cljs
notifying browser that file changed:  out/orbital_solution/core.js
[32mSuccessfully compiled "resources/public/js/compiled/orbital-solution.js" in 0.324 seconds.[0m
[0mCompiling "resources/public/js/compiled/orbital-solution.js" from ["src"]...
notifying browser that file changed:  out/orbital_solution/core.js
[32mSuccessfully compiled "resources/public/js/compiled/orbital-solution.js" in 0.234 seconds.[0m
[0mCompiling "resources/public/js/compiled/orbital-solution.js" from ["src"]...
notifying browser that file changed:  out/orbital_solution/core.js
[32mSuccessfully compiled "resources/public/js/compiled/orbital-solution.js" in 0.259 seconds.[0m
[0mCompiling "resources/public/js/compiled/orbital-solution.js" from ["src"]...
WARNING: Wrong number of args (3) passed to quil.core/background-image at line 20 /Users/jaakko.leikko/git/orbital-solution/src/orbital_solution/core.cljs
notifying browser that file changed:  out/orbital_solution/core.js
[32mSuccessfully compiled "resources/public/js/compiled/orbital-solution.js" in 0.251 seconds.[0m
[0mCompiling "resources/public/js/compiled/orbital-solution.js" from ["src"]...
notifying browser that file changed:  out/orbital_solution/core.js
[32mSuccessfully compiled "resources/public/js/compiled/orbital-solution.js" in 0.232 seconds.[0m
[0mCompiling "resources/public/js/compiled/orbital-solution.js" from ["src"]...
notifying browser that file changed:  out/orbital_solution/core.js
[32mSuccessfully compiled "resources/public/js/compiled/orbital-solution.js" in 0.262 seconds.[0m
[0mCompiling "resources/public/js/compiled/orbital-solution.js" from ["src"]...
notifying browser that file changed:  out/orbital_solution/core.js
[32mSuccessfully compiled "resources/public/js/compiled/orbital-solution.js" in 0.227 seconds.[0m
[0mCompiling "resources/public/js/compiled/orbital-solution.js" from ["src"]...
notifying browser that file changed:  out/orbital_solution/core.js
[32mSuccessfully compiled "resources/public/js/compiled/orbital-solution.js" in 0.295 seconds.[0m
[0mCompiling "resources/public/js/compiled/orbital-solution.js" from ["src"]...
notifying browser that file changed:  out/orbital_solution/core.js
[32mSuccessfully compiled "resources/public/js/compiled/orbital-solution.js" in 0.226 seconds.[0m
[0mCompiling "resources/public/js/compiled/orbital-solution.js" from ["src"]...
notifying browser that file changed:  out/orbital_solution/core.js
[32mSuccessfully compiled "resources/public/js/compiled/orbital-solution.js" in 0.243 seconds.[0m
[0mCompiling "resources/public/js/compiled/orbital-solution.js" from ["src"]...
notifying browser that file changed:  out/orbital_solution/core.js
[32mSuccessfully compiled "resources/public/js/compiled/orbital-solution.js" in 0.228 seconds.[0m
[0mCompiling "resources/public/js/compiled/orbital-solution.js" from ["src"]...
notifying browser that file changed:  out/orbital_solution/core.js
[32mSuccessfully compiled "resources/public/js/compiled/orbital-solution.js" in 0.233 seconds.[0m
[0mCompiling "resources/public/js/compiled/orbital-solution.js" from ["src"]...
notifying browser that file changed:  out/orbital_solution/core.js
[32mSuccessfully compiled "resources/public/js/compiled/orbital-solution.js" in 0.239 seconds.[0m
[0mCompiling "resources/public/js/compiled/orbital-solution.js" from ["src"]...
notifying browser that file changed:  out/orbital_solution/core.js
[32mSuccessfully compiled "resources/public/js/compiled/orbital-solution.js" in 0.233 seconds.[0m
[0mCompiling "resources/public/js/compiled/orbital-solution.js" from ["src"]...
notifying browser that file changed:  out/orbital_solution/core.js
[32mSuccessfully compiled "resources/public/js/compiled/orbital-solution.js" in 0.243 seconds.[0m
[0mCompiling "resources/public/js/compiled/orbital-solution.js" from ["src"]...
notifying browser that file changed:  out/orbital_solution/core.js
[32mSuccessfully compiled "resources/public/js/compiled/orbital-solution.js" in 0.243 seconds.[0m
[0mCompiling "resources/public/js/compiled/orbital-solution.js" from ["src"]...
notifying browser that file changed:  out/orbital_solution/core.js
[32mSuccessfully compiled "resources/public/js/compiled/orbital-solution.js" in 0.229 seconds.[0m
[0mCompiling "resources/public/js/compiled/orbital-solution.js" from ["src"]...
notifying browser that file changed:  out/orbital_solution/core.js
[32mSuccessfully compiled "resources/public/js/compiled/orbital-solution.js" in 0.23 seconds.[0m
[0mCompiling "resources/public/js/compiled/orbital-solution.js" from ["src"]...
notifying browser that file changed:  out/orbital_solution/core.js
[32mSuccessfully compiled "resources/public/js/compiled/orbital-solution.js" in 0.236 seconds.[0m
[0mCompiling "resources/public/js/compiled/orbital-solution.js" from ["src"]...
notifying browser that file changed:  out/orbital_solution/core.js
[32mSuccessfully compiled "resources/public/js/compiled/orbital-solution.js" in 0.288 seconds.[0m
[0mCompiling "resources/public/js/compiled/orbital-solution.js" from ["src"]...
notifying browser that file changed:  resources/public/js/compiled/out/goog/deps.js
notifying browser that file changed:  resources/public/js/compiled/out/cljs_deps.js
notifying browser that file changed:  out/orbital_solution/core.js
[32mSuccessfully compiled "resources/public/js/compiled/orbital-solution.js" in 0.382 seconds.[0m
[0mCompiling "resources/public/js/compiled/orbital-solution.js" from ["src"]...
notifying browser that file changed:  out/orbital_solution/core.js
[32mSuccessfully compiled "resources/public/js/compiled/orbital-solution.js" in 0.248 seconds.[0m
[0mCompiling "resources/public/js/compiled/orbital-solution.js" from ["src"]...
notifying browser that file changed:  out/orbital_solution/core.js
[32mSuccessfully compiled "resources/public/js/compiled/orbital-solution.js" in 0.244 seconds.[0m
[0mCompiling "resources/public/js/compiled/orbital-solution.js" from ["src"]...
notifying browser that file changed:  out/orbital_solution/core.js
[32mSuccessfully compiled "resources/public/js/compiled/orbital-solution.js" in 0.231 seconds.[0m
[0mCompiling "resources/public/js/compiled/orbital-solution.js" from ["src"]...
notifying browser that file changed:  out/orbital_solution/core.js
[32mSuccessfully compiled "resources/public/js/compiled/orbital-solution.js" in 0.297 seconds.[0m
[0mCompiling "resources/public/js/compiled/orbital-solution.js" from ["src"]...
notifying browser that file changed:  out/orbital_solution/core.js
[32mSuccessfully compiled "resources/public/js/compiled/orbital-solution.js" in 0.318 seconds.[0m
[0mCompiling "resources/public/js/compiled/orbital-solution.js" from ["src"]...
notifying browser that file changed:  out/orbital_solution/core.js
[32mSuccessfully compiled "resources/public/js/compiled/orbital-solution.js" in 0.277 seconds.[0m
[0mCompiling "resources/public/js/compiled/orbital-solution.js" from ["src"]...
notifying browser that file changed:  out/orbital_solution/core.js
[32mSuccessfully compiled "resources/public/js/compiled/orbital-solution.js" in 0.262 seconds.[0m
[0mCompiling "resources/public/js/compiled/orbital-solution.js" from ["src"]...
notifying browser that file changed:  out/orbital_solution/core.js
[32mSuccessfully compiled "resources/public/js/compiled/orbital-solution.js" in 0.269 seconds.[0m
[0mCompiling "resources/public/js/compiled/orbital-solution.js" from ["src"]...
WARNING: update already refers to: cljs.core/update being replaced by: orbital-solution.core/update at line 14 /Users/jaakko.leikko/git/orbital-solution/src/orbital_solution/core.cljs
notifying browser that file changed:  out/orbital_solution/core.js
[32mSuccessfully compiled "resources/public/js/compiled/orbital-solution.js" in 0.331 seconds.[0m
[0mCompiling "resources/public/js/compiled/orbital-solution.js" from ["src"]...
WARNING: update already refers to: cljs.core/update being replaced by: orbital-solution.core/update at line 14 /Users/jaakko.leikko/git/orbital-solution/src/orbital_solution/core.cljs
notifying browser that file changed:  out/orbital_solution/core.js
[32mSuccessfully compiled "resources/public/js/compiled/orbital-solution.js" in 0.274 seconds.[0m
[0mCompiling "resources/public/js/compiled/orbital-solution.js" from ["src"]...
WARNING: update already refers to: cljs.core/update being replaced by: orbital-solution.core/update at line 14 /Users/jaakko.leikko/git/orbital-solution/src/orbital_solution/core.cljs
notifying browser that file changed:  out/orbital_solution/core.js
[32mSuccessfully compiled "resources/public/js/compiled/orbital-solution.js" in 0.268 seconds.[0m
[0mCompiling "resources/public/js/compiled/orbital-solution.js" from ["src"]...
WARNING: update already refers to: cljs.core/update being replaced by: orbital-solution.core/update at line 15 /Users/jaakko.leikko/git/orbital-solution/src/orbital_solution/core.cljs
notifying browser that file changed:  out/orbital_solution/core.js
[32mSuccessfully compiled "resources/public/js/compiled/orbital-solution.js" in 0.297 seconds.[0m
[0mCompiling "resources/public/js/compiled/orbital-solution.js" from ["src"]...
WARNING: update already refers to: cljs.core/update being replaced by: orbital-solution.core/update at line 15 /Users/jaakko.leikko/git/orbital-solution/src/orbital_solution/core.cljs
notifying browser that file changed:  resources/public/js/compiled/out/goog/deps.js
notifying browser that file changed:  resources/public/js/compiled/out/cljs_deps.js
notifying browser that file changed:  out/orbital_solution/core.js
[32mSuccessfully compiled "resources/public/js/compiled/orbital-solution.js" in 0.449 seconds.[0m
[0mCompiling "resources/public/js/compiled/orbital-solution.js" from ["src"]...
WARNING: update already refers to: cljs.core/update being replaced by: orbital-solution.core/update at line 15 /Users/jaakko.leikko/git/orbital-solution/src/orbital_solution/core.cljs
notifying browser that file changed:  out/orbital_solution/core.js
[32mSuccessfully compiled "resources/public/js/compiled/orbital-solution.js" in 0.284 seconds.[0m
[0mCompiling "resources/public/js/compiled/orbital-solution.js" from ["src"]...
WARNING: update already refers to: cljs.core/update being replaced by: orbital-solution.core/update at line 15 /Users/jaakko.leikko/git/orbital-solution/src/orbital_solution/core.cljs
notifying browser that file changed:  out/orbital_solution/core.js
[32mSuccessfully compiled "resources/public/js/compiled/orbital-solution.js" in 0.266 seconds.[0m
[0mCompiling "resources/public/js/compiled/orbital-solution.js" from ["src"]...
WARNING: update already refers to: cljs.core/update being replaced by: orbital-solution.core/update at line 15 /Users/jaakko.leikko/git/orbital-solution/src/orbital_solution/core.cljs
notifying browser that file changed:  out/orbital_solution/core.js
[32mSuccessfully compiled "resources/public/js/compiled/orbital-solution.js" in 0.307 seconds.[0m
[0mCompiling "resources/public/js/compiled/orbital-solution.js" from ["src"]...
WARNING: update already refers to: cljs.core/update being replaced by: orbital-solution.core/update at line 15 /Users/jaakko.leikko/git/orbital-solution/src/orbital_solution/core.cljs
notifying browser that file changed:  out/orbital_solution/core.js
[32mSuccessfully compiled "resources/public/js/compiled/orbital-solution.js" in 0.309 seconds.[0m
[0mCompiling "resources/public/js/compiled/orbital-solution.js" from ["src"]...
WARNING: update already refers to: cljs.core/update being replaced by: orbital-solution.core/update at line 15 /Users/jaakko.leikko/git/orbital-solution/src/orbital_solution/core.cljs
notifying browser that file changed:  out/orbital_solution/core.js
[32mSuccessfully compiled "resources/public/js/compiled/orbital-solution.js" in 0.3 seconds.[0m
[0mCompiling "resources/public/js/compiled/orbital-solution.js" from ["src"]...
WARNING: update already refers to: cljs.core/update being replaced by: orbital-solution.core/update at line 14 /Users/jaakko.leikko/git/orbital-solution/src/orbital_solution/core.cljs
notifying browser that file changed:  out/orbital_solution/core.js
[32mSuccessfully compiled "resources/public/js/compiled/orbital-solution.js" in 0.267 seconds.[0m
[0mCompiling "resources/public/js/compiled/orbital-solution.js" from ["src"]...
WARNING: update already refers to: cljs.core/update being replaced by: orbital-solution.core/update at line 14 /Users/jaakko.leikko/git/orbital-solution/src/orbital_solution/core.cljs
notifying browser that file changed:  out/orbital_solution/core.js
[32mSuccessfully compiled "resources/public/js/compiled/orbital-solution.js" in 0.302 seconds.[0m
[0mCompiling "resources/public/js/compiled/orbital-solution.js" from ["src"]...
WARNING: update already refers to: cljs.core/update being replaced by: orbital-solution.core/update at line 14 /Users/jaakko.leikko/git/orbital-solution/src/orbital_solution/core.cljs
notifying browser that file changed:  resources/public/js/compiled/out/goog/deps.js
notifying browser that file changed:  resources/public/js/compiled/out/cljs_deps.js
notifying browser that file changed:  out/orbital_solution/core.js
[32mSuccessfully compiled "resources/public/js/compiled/orbital-solution.js" in 0.403 seconds.[0m
[0mCompiling "resources/public/js/compiled/orbital-solution.js" from ["src"]...
WARNING: update already refers to: cljs.core/update being replaced by: orbital-solution.core/update at line 14 /Users/jaakko.leikko/git/orbital-solution/src/orbital_solution/core.cljs
notifying browser that file changed:  out/orbital_solution/core.js
[32mSuccessfully compiled "resources/public/js/compiled/orbital-solution.js" in 0.278 seconds.[0m
[0mCompiling "resources/public/js/compiled/orbital-solution.js" from ["src"]...
WARNING: update already refers to: cljs.core/update being replaced by: orbital-solution.core/update at line 14 /Users/jaakko.leikko/git/orbital-solution/src/orbital_solution/core.cljs
notifying browser that file changed:  out/orbital_solution/core.js
[32mSuccessfully compiled "resources/public/js/compiled/orbital-solution.js" in 0.298 seconds.[0m
[0mCompiling "resources/public/js/compiled/orbital-solution.js" from ["src"]...
WARNING: update already refers to: cljs.core/update being replaced by: orbital-solution.core/update at line 15 /Users/jaakko.leikko/git/orbital-solution/src/orbital_solution/core.cljs
notifying browser that file changed:  out/orbital_solution/core.js
[32mSuccessfully compiled "resources/public/js/compiled/orbital-solution.js" in 0.326 seconds.[0m
[0mCompiling "resources/public/js/compiled/orbital-solution.js" from ["src"]...
WARNING: update already refers to: cljs.core/update being replaced by: orbital-solution.core/update at line 15 /Users/jaakko.leikko/git/orbital-solution/src/orbital_solution/core.cljs
notifying browser that file changed:  out/orbital_solution/core.js
[32mSuccessfully compiled "resources/public/js/compiled/orbital-solution.js" in 0.299 seconds.[0m
[0mCompiling "resources/public/js/compiled/orbital-solution.js" from ["src"]...
WARNING: update already refers to: cljs.core/update being replaced by: orbital-solution.core/update at line 15 /Users/jaakko.leikko/git/orbital-solution/src/orbital_solution/core.cljs
notifying browser that file changed:  out/orbital_solution/core.js
[32mSuccessfully compiled "resources/public/js/compiled/orbital-solution.js" in 0.265 seconds.[0m
[0mCompiling "resources/public/js/compiled/orbital-solution.js" from ["src"]...
WARNING: update already refers to: cljs.core/update being replaced by: orbital-solution.core/update at line 15 /Users/jaakko.leikko/git/orbital-solution/src/orbital_solution/core.cljs
WARNING: Wrong number of args (3) passed to quil.core/background-image at line 22 /Users/jaakko.leikko/git/orbital-solution/src/orbital_solution/core.cljs
notifying browser that file changed:  out/orbital_solution/core.js
[32mSuccessfully compiled "resources/public/js/compiled/orbital-solution.js" in 0.29 seconds.[0m
[0mCompiling "resources/public/js/compiled/orbital-solution.js" from ["src"]...
WARNING: update already refers to: cljs.core/update being replaced by: orbital-solution.core/update at line 15 /Users/jaakko.leikko/git/orbital-solution/src/orbital_solution/core.cljs
WARNING: Wrong number of args (3) passed to quil.core/background-image at line 22 /Users/jaakko.leikko/git/orbital-solution/src/orbital_solution/core.cljs
notifying browser that file changed:  out/orbital_solution/core.js
[32mSuccessfully compiled "resources/public/js/compiled/orbital-solution.js" in 0.314 seconds.[0m
[0mCompiling "resources/public/js/compiled/orbital-solution.js" from ["src"]...
WARNING: update already refers to: cljs.core/update being replaced by: orbital-solution.core/update at line 15 /Users/jaakko.leikko/git/orbital-solution/src/orbital_solution/core.cljs
WARNING: Wrong number of args (3) passed to quil.core/background-image at line 21 /Users/jaakko.leikko/git/orbital-solution/src/orbital_solution/core.cljs
notifying browser that file changed:  out/orbital_solution/core.js
[32mSuccessfully compiled "resources/public/js/compiled/orbital-solution.js" in 0.27 seconds.[0m
[0mCompiling "resources/public/js/compiled/orbital-solution.js" from ["src"]...
WARNING: update already refers to: cljs.core/update being replaced by: orbital-solution.core/update at line 15 /Users/jaakko.leikko/git/orbital-solution/src/orbital_solution/core.cljs
WARNING: Use of undeclared Var orbital-solution.core/t at line 16 /Users/jaakko.leikko/git/orbital-solution/src/orbital_solution/core.cljs
WARNING: Wrong number of args (3) passed to quil.core/background-image at line 23 /Users/jaakko.leikko/git/orbital-solution/src/orbital_solution/core.cljs
notifying browser that file changed:  out/orbital_solution/core.js
[32mSuccessfully compiled "resources/public/js/compiled/orbital-solution.js" in 0.322 seconds.[0m
[0mCompiling "resources/public/js/compiled/orbital-solution.js" from ["src"]...
WARNING: update already refers to: cljs.core/update being replaced by: orbital-solution.core/update at line 15 /Users/jaakko.leikko/git/orbital-solution/src/orbital_solution/core.cljs
WARNING: Wrong number of args (3) passed to quil.core/background-image at line 22 /Users/jaakko.leikko/git/orbital-solution/src/orbital_solution/core.cljs
notifying browser that file changed:  out/orbital_solution/core.js
[32mSuccessfully compiled "resources/public/js/compiled/orbital-solution.js" in 0.269 seconds.[0m
[0mCompiling "resources/public/js/compiled/orbital-solution.js" from ["src"]...
WARNING: update already refers to: cljs.core/update being replaced by: orbital-solution.core/update at line 15 /Users/jaakko.leikko/git/orbital-solution/src/orbital_solution/core.cljs
WARNING: Wrong number of args (3) passed to quil.core/background-image at line 22 /Users/jaakko.leikko/git/orbital-solution/src/orbital_solution/core.cljs
notifying browser that file changed:  out/orbital_solution/core.js
[32mSuccessfully compiled "resources/public/js/compiled/orbital-solution.js" in 0.26 seconds.[0m
[0mCompiling "resources/public/js/compiled/orbital-solution.js" from ["src"]...
notifying browser that file changed:  out/orbital_solution/core.js
[32mSuccessfully compiled "resources/public/js/compiled/orbital-solution.js" in 0.326 seconds.[0m
[0mCompiling "resources/public/js/compiled/orbital-solution.js" from ["src"]...
notifying browser that file changed:  out/orbital_solution/core.js
[32mSuccessfully compiled "resources/public/js/compiled/orbital-solution.js" in 0.263 seconds.[0m
[0mCompiling "resources/public/js/compiled/orbital-solution.js" from ["src"]...
notifying browser that file changed:  out/orbital_solution/core.js
[32mSuccessfully compiled "resources/public/js/compiled/orbital-solution.js" in 0.244 seconds.[0m
[0mCompiling "resources/public/js/compiled/orbital-solution.js" from ["src"]...
notifying browser that file changed:  out/orbital_solution/core.js
[32mSuccessfully compiled "resources/public/js/compiled/orbital-solution.js" in 0.317 seconds.[0m
[0mCompiling "resources/public/js/compiled/orbital-solution.js" from ["src"]...
notifying browser that file changed:  out/orbital_solution/core.js
[32mSuccessfully compiled "resources/public/js/compiled/orbital-solution.js" in 0.261 seconds.[0m
[0mCompiling "resources/public/js/compiled/orbital-solution.js" from ["src"]...
notifying browser that file changed:  out/orbital_solution/core.js
[32mSuccessfully compiled "resources/public/js/compiled/orbital-solution.js" in 0.263 seconds.[0m
[0mCompiling "resources/public/js/compiled/orbital-solution.js" from ["src"]...
notifying browser that file changed:  out/orbital_solution/core.js
[32mSuccessfully compiled "resources/public/js/compiled/orbital-solution.js" in 0.284 seconds.[0m
[0mCompiling "resources/public/js/compiled/orbital-solution.js" from ["src"]...
[31mCompiling "resources/public/js/compiled/orbital-solution.js" failed.
[0mERROR: Map literal must contain an even number of forms on file /Users/jaakko.leikko/git/orbital-solution/src/orbital_solution/core.cljs, line 87, column 83
[32mSuccessfully compiled "resources/public/js/compiled/orbital-solution.js" in 0.248 seconds.[0m
[0mCompiling "resources/public/js/compiled/orbital-solution.js" from ["src"]...
notifying browser that file changed:  out/orbital_solution/core.js
[32mSuccessfully compiled "resources/public/js/compiled/orbital-solution.js" in 0.274 seconds.[0m
[0mCompiling "resources/public/js/compiled/orbital-solution.js" from ["src"]...
notifying browser that file changed:  out/orbital_solution/core.js
[32mSuccessfully compiled "resources/public/js/compiled/orbital-solution.js" in 0.269 seconds.[0m
sending changed CSS file: resources/public/css/style.css
sending changed CSS file: resources/public/css/style.css
sending changed CSS file: resources/public/css/style.css
[0mCompiling "resources/public/js/compiled/orbital-solution.js" from ["src"]...
notifying browser that file changed:  out/orbital_solution/core.js
[32mSuccessfully compiled "resources/public/js/compiled/orbital-solution.js" in 0.283 seconds.[0m
sending changed CSS file: resources/public/css/style.css
sending changed CSS file: resources/public/css/style.css
[0mCompiling "resources/public/js/compiled/orbital-solution.js" from ["src"]...
notifying browser that file changed:  out/orbital_solution/core.js
[32mSuccessfully compiled "resources/public/js/compiled/orbital-solution.js" in 0.339 seconds.[0m
[0mCompiling "resources/public/js/compiled/orbital-solution.js" from ["src"]...
WARNING: Use of undeclared Var orbital-solution.core/This at line 87 /Users/jaakko.leikko/git/orbital-solution/src/orbital_solution/core.cljs
WARNING: Use of undeclared Var orbital-solution.core/is at line 87 /Users/jaakko.leikko/git/orbital-solution/src/orbital_solution/core.cljs
WARNING: Use of undeclared Var orbital-solution.core/a at line 87 /Users/jaakko.leikko/git/orbital-solution/src/orbital_solution/core.cljs
WARNING: Use of undeclared Var orbital-solution.core/solution at line 87 /Users/jaakko.leikko/git/orbital-solution/src/orbital_solution/core.cljs
WARNING: Use of undeclared Var orbital-solution.core/to at line 87 /Users/jaakko.leikko/git/orbital-solution/src/orbital_solution/core.cljs
WARNING: Use of undeclared Var orbital-solution.core/The at line 87 /Users/jaakko.leikko/git/orbital-solution/src/orbital_solution/core.cljs
WARNING: Use of undeclared Var orbital-solution.core/Reaktor at line 87 /Users/jaakko.leikko/git/orbital-solution/src/orbital_solution/core.cljs
WARNING: Use of undeclared Var orbital-solution.core/Orbital at line 87 /Users/jaakko.leikko/git/orbital-solution/src/orbital_solution/core.cljs
WARNING: Use of undeclared Var orbital-solution.core/Challenge at line 87 /Users/jaakko.leikko/git/orbital-solution/src/orbital_solution/core.cljs
notifying browser that file changed:  out/orbital_solution/core.js
[32mSuccessfully compiled "resources/public/js/compiled/orbital-solution.js" in 0.366 seconds.[0m
[0mCompiling "resources/public/js/compiled/orbital-solution.js" from ["src"]...
WARNING: Use of undeclared Var orbital-solution.core/This at line 87 /Users/jaakko.leikko/git/orbital-solution/src/orbital_solution/core.cljs
WARNING: Use of undeclared Var orbital-solution.core/is at line 87 /Users/jaakko.leikko/git/orbital-solution/src/orbital_solution/core.cljs
WARNING: Use of undeclared Var orbital-solution.core/a at line 87 /Users/jaakko.leikko/git/orbital-solution/src/orbital_solution/core.cljs
WARNING: Use of undeclared Var orbital-solution.core/solution at line 87 /Users/jaakko.leikko/git/orbital-solution/src/orbital_solution/core.cljs
WARNING: Use of undeclared Var orbital-solution.core/to at line 87 /Users/jaakko.leikko/git/orbital-solution/src/orbital_solution/core.cljs
notifying browser that file changed:  out/orbital_solution/core.js
[32mSuccessfully compiled "resources/public/js/compiled/orbital-solution.js" in 0.308 seconds.[0m
[0mCompiling "resources/public/js/compiled/orbital-solution.js" from ["src"]...
notifying browser that file changed:  out/orbital_solution/core.js
[32mSuccessfully compiled "resources/public/js/compiled/orbital-solution.js" in 0.258 seconds.[0m
[0mCompiling "resources/public/js/compiled/orbital-solution.js" from ["src"]...
notifying browser that file changed:  out/orbital_solution/core.js
[32mSuccessfully compiled "resources/public/js/compiled/orbital-solution.js" in 0.249 seconds.[0m
[0mCompiling "resources/public/js/compiled/orbital-solution.js" from ["src"]...
notifying browser that file changed:  out/orbital_solution/core.js
[32mSuccessfully compiled "resources/public/js/compiled/orbital-solution.js" in 0.3 seconds.[0m
[0mCompiling "resources/public/js/compiled/orbital-solution.js" from ["src"]...
notifying browser that file changed:  out/orbital_solution/core.js
[32mSuccessfully compiled "resources/public/js/compiled/orbital-solution.js" in 0.249 seconds.[0m
sending changed CSS file: resources/public/css/style.css
[0mCompiling "resources/public/js/compiled/orbital-solution.js" from ["src"]...
notifying browser that file changed:  out/orbital_solution/core.js
[32mSuccessfully compiled "resources/public/js/compiled/orbital-solution.js" in 0.251 seconds.[0m
sending changed CSS file: resources/public/css/style.css
sending changed CSS file: resources/public/css/style.css
sending changed CSS file: resources/public/css/style.css
sending changed CSS file: resources/public/css/style.css
sending changed CSS file: resources/public/css/style.css
[0mCompiling "resources/public/js/compiled/orbital-solution.js" from ["src"]...
notifying browser that file changed:  out/orbital_solution/core.js
[32mSuccessfully compiled "resources/public/js/compiled/orbital-solution.js" in 0.307 seconds.[0m
[0mCompiling "resources/public/js/compiled/orbital-solution.js" from ["src"]...
[31mCompiling "resources/public/js/compiled/orbital-solution.js" failed.
[0mERROR: Map literal must contain an even number of forms on file /Users/jaakko.leikko/git/orbital-solution/src/orbital_solution/core.cljs, line 88, column 93
[32mSuccessfully compiled "resources/public/js/compiled/orbital-solution.js" in 0.197 seconds.[0m
[0mCompiling "resources/public/js/compiled/orbital-solution.js" from ["src"]...
notifying browser that file changed:  out/orbital_solution/core.js
[32mSuccessfully compiled "resources/public/js/compiled/orbital-solution.js" in 0.251 seconds.[0m
sending changed CSS file: resources/public/css/style.css
sending changed CSS file: resources/public/css/style.css
sending changed CSS file: resources/public/css/style.css
sending changed CSS file: resources/public/css/style.css
sending changed CSS file: resources/public/css/style.css
sending changed CSS file: resources/public/css/style.css
[0mCompiling "resources/public/js/compiled/orbital-solution.js" from ["src"]...
notifying browser that file changed:  out/orbital_solution/core.js
[32mSuccessfully compiled "resources/public/js/compiled/orbital-solution.js" in 0.246 seconds.[0m
[0mCompiling "resources/public/js/compiled/orbital-solution.js" from ["src"]...
notifying browser that file changed:  out/orbital_solution/core.js
[32mSuccessfully compiled "resources/public/js/compiled/orbital-solution.js" in 0.28 seconds.[0m
sending changed CSS file: resources/public/css/style.css
sending changed CSS file: resources/public/css/style.css
sending changed CSS file: resources/public/css/style.css
sending changed CSS file: resources/public/css/style.css
[0mCompiling "resources/public/js/compiled/orbital-solution.js" from ["src"]...
notifying browser that file changed:  out/orbital_solution/core.js
[32mSuccessfully compiled "resources/public/js/compiled/orbital-solution.js" in 0.296 seconds.[0m
[0mCompiling "resources/public/js/compiled/orbital-solution.js" from ["src"]...
notifying browser that file changed:  out/orbital_solution/core.js
[32mSuccessfully compiled "resources/public/js/compiled/orbital-solution.js" in 0.252 seconds.[0m
[0mCompiling "resources/public/js/compiled/orbital-solution.js" from ["src"]...
notifying browser that file changed:  out/orbital_solution/core.js
[32mSuccessfully compiled "resources/public/js/compiled/orbital-solution.js" in 0.25 seconds.[0m
[0mCompiling "resources/public/js/compiled/orbital-solution.js" from ["src"]...
notifying browser that file changed:  out/orbital_solution/core.js
[32mSuccessfully compiled "resources/public/js/compiled/orbital-solution.js" in 0.287 seconds.[0m
[0mCompiling "resources/public/js/compiled/orbital-solution.js" from ["src"]...
notifying browser that file changed:  out/orbital_solution/core.js
[32mSuccessfully compiled "resources/public/js/compiled/orbital-solution.js" in 0.298 seconds.[0m
[0mCompiling "resources/public/js/compiled/orbital-solution.js" from ["src"]...
notifying browser that file changed:  out/orbital_solution/core.js
[32mSuccessfully compiled "resources/public/js/compiled/orbital-solution.js" in 0.267 seconds.[0m
sending changed CSS file: resources/public/css/style.css
sending changed CSS file: resources/public/css/style.css
sending changed CSS file: resources/public/css/style.css
sending changed CSS file: resources/public/css/style.css
sending changed CSS file: resources/public/css/style.css
sending changed CSS file: resources/public/css/style.css
sending changed CSS file: resources/public/css/style.css
[0mCompiling "resources/public/js/compiled/orbital-solution.js" from ["src"]...
notifying browser that file changed:  out/orbital_solution/core.js
[32mSuccessfully compiled "resources/public/js/compiled/orbital-solution.js" in 0.297 seconds.[0m
sending changed CSS file: resources/public/css/style.css
sending changed CSS file: resources/public/css/style.css
sending changed CSS file: resources/public/css/style.css
sending changed CSS file: resources/public/css/style.css
[0mCompiling "resources/public/js/compiled/orbital-solution.js" from ["src"]...
notifying browser that file changed:  out/orbital_solution/core.js
[32mSuccessfully compiled "resources/public/js/compiled/orbital-solution.js" in 0.449 seconds.[0m
sending changed CSS file: resources/public/css/style.css
sending changed CSS file: resources/public/css/style.css
sending changed CSS file: resources/public/css/style.css
sending changed CSS file: resources/public/css/style.css
sending changed CSS file: resources/public/css/style.css
sending changed CSS file: resources/public/css/style.css
sending changed CSS file: resources/public/css/style.css
sending changed CSS file: resources/public/css/style.css
[0mCompiling "resources/public/js/compiled/orbital-solution.js" from ["src"]...
notifying browser that file changed:  out/orbital_solution/core.js
[32mSuccessfully compiled "resources/public/js/compiled/orbital-solution.js" in 0.52 seconds.[0m
sending changed CSS file: resources/public/css/style.css
sending changed CSS file: resources/public/css/style.css
sending changed CSS file: resources/public/css/style.css
sending changed CSS file: resources/public/css/style.css
sending changed CSS file: resources/public/css/style.css
[0mCompiling "resources/public/js/compiled/orbital-solution.js" from ["src"]...
[31mCompiling "resources/public/js/compiled/orbital-solution.js" failed.
[0mclojure.lang.ExceptionInfo: Only :as alias and :refer (names) options supported in :require; offending spec: [orbit.common :refer [earth-radius] quil.core :as q :refer [radians cos sin]] at line 1 src/orbit/coords.cljs
 at clojure.core$ex_info.invokeStatic (core.clj:4617)
    clojure.core$ex_info.invoke (core.clj:4617)
    cljs.analyzer$error.invokeStatic (analyzer.cljc:580)
    cljs.analyzer$error.invoke (analyzer.cljc:576)
    cljs.analyzer$error.invokeStatic (analyzer.cljc:578)
    cljs.analyzer$error.invoke (analyzer.cljc:576)
    cljs.analyzer$basic_validate_ns_spec.invokeStatic (analyzer.cljc:1715)
    cljs.analyzer$basic_validate_ns_spec.invoke (analyzer.cljc:1701)
    cljs.analyzer$parse_require_spec.invokeStatic (analyzer.cljc:1756)
    cljs.analyzer$parse_require_spec.invoke (analyzer.cljc:1752)
    clojure.lang.AFn.applyToHelper (AFn.java:171)
    clojure.lang.AFn.applyTo (AFn.java:144)
    clojure.core$apply.invokeStatic (core.clj:652)
    clojure.core$partial$fn__4765.doInvoke (core.clj:2534)
    clojure.lang.RestFn.invoke (RestFn.java:408)
    clojure.core$map$fn__4785.invoke (core.clj:2646)
    clojure.lang.LazySeq.sval (LazySeq.java:40)
    clojure.lang.LazySeq.seq (LazySeq.java:49)
    clojure.lang.Cons.next (Cons.java:39)
    clojure.lang.RT.boundedLength (RT.java:1749)
    clojure.lang.RestFn.applyTo (RestFn.java:130)
    clojure.core$apply.invokeStatic (core.clj:650)
    clojure.core$apply.invoke (core.clj:641)
    cljs.analyzer$eval1787$fn__1789$fn__1794.invoke (analyzer.cljc:1943)
    clojure.core.protocols$fn__6755.invokeStatic (protocols.clj:167)
    clojure.core.protocols/fn (protocols.clj:124)
    clojure.core.protocols$fn__6710$G__6705__6719.invoke (protocols.clj:19)
    clojure.core.protocols$seq_reduce.invokeStatic (protocols.clj:31)
    clojure.core.protocols$fn__6738.invokeStatic (protocols.clj:75)
    clojure.core.protocols/fn (protocols.clj:75)
[32mSuccessfully compiled "resources/public/js/compiled/orbital-solution.js" in 0.038 seconds.[0m
[0mCompiling "resources/public/js/compiled/orbital-solution.js" from ["src"]...
[31mCompiling "resources/public/js/compiled/orbital-solution.js" failed.
[0mclojure.lang.ExceptionInfo: Invalid token: :refer:
 at clojure.core$ex_info.invokeStatic (core.clj:4617)
    clojure.core$ex_info.invoke (core.clj:4617)
    clojure.tools.reader.reader_types$reader_error.invokeStatic (reader_types.clj:391)
    clojure.tools.reader.reader_types$reader_error.doInvoke (reader_types.clj:387)
    clojure.lang.RestFn.invoke (RestFn.java:439)
    clojure.tools.reader$read_keyword.invokeStatic (reader.clj:360)
    clojure.tools.reader$read_keyword.invoke (reader.clj:343)
    clojure.tools.reader$read_STAR_.invokeStatic (reader.clj:889)
    clojure.tools.reader$read_STAR_.invoke (reader.clj:870)
    clojure.tools.reader$read_delimited.invokeStatic (reader.clj:195)
    clojure.tools.reader$read_delimited.invoke (reader.clj:188)
    clojure.tools.reader$read_vector.invokeStatic (reader.clj:226)
    clojure.tools.reader$read_vector.invoke (reader.clj:222)
    clojure.tools.reader$read_STAR_.invokeStatic (reader.clj:889)
    clojure.tools.reader$read_STAR_.invoke (reader.clj:870)
    clojure.tools.reader$read_delimited.invokeStatic (reader.clj:195)
    clojure.tools.reader$read_delimited.invoke (reader.clj:188)
    clojure.tools.reader$read_list.invokeStatic (reader.clj:208)
    clojure.tools.reader$read_list.invoke (reader.clj:204)
    clojure.tools.reader$read_STAR_.invokeStatic (reader.clj:889)
    clojure.tools.reader$read_STAR_.invoke (reader.clj:870)
    clojure.tools.reader$read_delimited.invokeStatic (reader.clj:195)
    clojure.tools.reader$read_delimited.invoke (reader.clj:188)
    clojure.tools.reader$read_list.invokeStatic (reader.clj:208)
    clojure.tools.reader$read_list.invoke (reader.clj:204)
    clojure.tools.reader$read_STAR_.invokeStatic (reader.clj:889)
    clojure.tools.reader$read_STAR_.invoke (reader.clj:870)
    clojure.tools.reader$read.invokeStatic (reader.clj:938)
    clojure.tools.reader$read.invoke (reader.clj:915)
    cljs.analyzer$forms_seq_STAR_$forms_seq___2070$fn__2071$fn__2072.invoke (analyzer.cljc:2656)
[32mSuccessfully compiled "resources/public/js/compiled/orbital-solution.js" in 0.104 seconds.[0m
[0mCompiling "resources/public/js/compiled/orbital-solution.js" from ["src"]...
[31mCompiling "resources/public/js/compiled/orbital-solution.js" failed.
[0mclojure.lang.ExceptionInfo: Invalid token: :refer:
 at clojure.core$ex_info.invokeStatic (core.clj:4617)
    clojure.core$ex_info.invoke (core.clj:4617)
    clojure.tools.reader.reader_types$reader_error.invokeStatic (reader_types.clj:391)
    clojure.tools.reader.reader_types$reader_error.doInvoke (reader_types.clj:387)
    clojure.lang.RestFn.invoke (RestFn.java:439)
    clojure.tools.reader$read_keyword.invokeStatic (reader.clj:360)
    clojure.tools.reader$read_keyword.invoke (reader.clj:343)
    clojure.tools.reader$read_STAR_.invokeStatic (reader.clj:889)
    clojure.tools.reader$read_STAR_.invoke (reader.clj:870)
    clojure.tools.reader$read_delimited.invokeStatic (reader.clj:195)
    clojure.tools.reader$read_delimited.invoke (reader.clj:188)
    clojure.tools.reader$read_vector.invokeStatic (reader.clj:226)
    clojure.tools.reader$read_vector.invoke (reader.clj:222)
    clojure.tools.reader$read_STAR_.invokeStatic (reader.clj:889)
    clojure.tools.reader$read_STAR_.invoke (reader.clj:870)
    clojure.tools.reader$read_delimited.invokeStatic (reader.clj:195)
    clojure.tools.reader$read_delimited.invoke (reader.clj:188)
    clojure.tools.reader$read_list.invokeStatic (reader.clj:208)
    clojure.tools.reader$read_list.invoke (reader.clj:204)
    clojure.tools.reader$read_STAR_.invokeStatic (reader.clj:889)
    clojure.tools.reader$read_STAR_.invoke (reader.clj:870)
    clojure.tools.reader$read_delimited.invokeStatic (reader.clj:195)
    clojure.tools.reader$read_delimited.invoke (reader.clj:188)
    clojure.tools.reader$read_list.invokeStatic (reader.clj:208)
    clojure.tools.reader$read_list.invoke (reader.clj:204)
    clojure.tools.reader$read_STAR_.invokeStatic (reader.clj:889)
    clojure.tools.reader$read_STAR_.invoke (reader.clj:870)
    clojure.tools.reader$read.invokeStatic (reader.clj:938)
    clojure.tools.reader$read.invoke (reader.clj:915)
    cljs.analyzer$forms_seq_STAR_$forms_seq___2070$fn__2071$fn__2072.invoke (analyzer.cljc:2656)
[32mSuccessfully compiled "resources/public/js/compiled/orbital-solution.js" in 0.032 seconds.[0m
[0mCompiling "resources/public/js/compiled/orbital-solution.js" from ["src"]...
[31mCompiling "resources/public/js/compiled/orbital-solution.js" failed.
[0mclojure.lang.ExceptionInfo: Invalid token: :refer:
 at clojure.core$ex_info.invokeStatic (core.clj:4617)
    clojure.core$ex_info.invoke (core.clj:4617)
    clojure.tools.reader.reader_types$reader_error.invokeStatic (reader_types.clj:391)
    clojure.tools.reader.reader_types$reader_error.doInvoke (reader_types.clj:387)
    clojure.lang.RestFn.invoke (RestFn.java:439)
    clojure.tools.reader$read_keyword.invokeStatic (reader.clj:360)
    clojure.tools.reader$read_keyword.invoke (reader.clj:343)
    clojure.tools.reader$read_STAR_.invokeStatic (reader.clj:889)
    clojure.tools.reader$read_STAR_.invoke (reader.clj:870)
    clojure.tools.reader$read_delimited.invokeStatic (reader.clj:195)
    clojure.tools.reader$read_delimited.invoke (reader.clj:188)
    clojure.tools.reader$read_vector.invokeStatic (reader.clj:226)
    clojure.tools.reader$read_vector.invoke (reader.clj:222)
    clojure.tools.reader$read_STAR_.invokeStatic (reader.clj:889)
    clojure.tools.reader$read_STAR_.invoke (reader.clj:870)
    clojure.tools.reader$read_delimited.invokeStatic (reader.clj:195)
    clojure.tools.reader$read_delimited.invoke (reader.clj:188)
    clojure.tools.reader$read_list.invokeStatic (reader.clj:208)
    clojure.tools.reader$read_list.invoke (reader.clj:204)
    clojure.tools.reader$read_STAR_.invokeStatic (reader.clj:889)
    clojure.tools.reader$read_STAR_.invoke (reader.clj:870)
    clojure.tools.reader$read_delimited.invokeStatic (reader.clj:195)
    clojure.tools.reader$read_delimited.invoke (reader.clj:188)
    clojure.tools.reader$read_list.invokeStatic (reader.clj:208)
    clojure.tools.reader$read_list.invoke (reader.clj:204)
    clojure.tools.reader$read_STAR_.invokeStatic (reader.clj:889)
    clojure.tools.reader$read_STAR_.invoke (reader.clj:870)
    clojure.tools.reader$read.invokeStatic (reader.clj:938)
    clojure.tools.reader$read.invoke (reader.clj:915)
    cljs.analyzer$forms_seq_STAR_$forms_seq___2070$fn__2071$fn__2072.invoke (analyzer.cljc:2656)
[32mSuccessfully compiled "resources/public/js/compiled/orbital-solution.js" in 0.037 seconds.[0m
[0mCompiling "resources/public/js/compiled/orbital-solution.js" from ["src"]...
[31mCompiling "resources/public/js/compiled/orbital-solution.js" failed.
[0mclojure.lang.ExceptionInfo: Invalid token: :refer:
 at clojure.core$ex_info.invokeStatic (core.clj:4617)
    clojure.core$ex_info.invoke (core.clj:4617)
    clojure.tools.reader.reader_types$reader_error.invokeStatic (reader_types.clj:391)
    clojure.tools.reader.reader_types$reader_error.doInvoke (reader_types.clj:387)
    clojure.lang.RestFn.invoke (RestFn.java:439)
    clojure.tools.reader$read_keyword.invokeStatic (reader.clj:360)
    clojure.tools.reader$read_keyword.invoke (reader.clj:343)
    clojure.tools.reader$read_STAR_.invokeStatic (reader.clj:889)
    clojure.tools.reader$read_STAR_.invoke (reader.clj:870)
    clojure.tools.reader$read_delimited.invokeStatic (reader.clj:195)
    clojure.tools.reader$read_delimited.invoke (reader.clj:188)
    clojure.tools.reader$read_vector.invokeStatic (reader.clj:226)
    clojure.tools.reader$read_vector.invoke (reader.clj:222)
    clojure.tools.reader$read_STAR_.invokeStatic (reader.clj:889)
    clojure.tools.reader$read_STAR_.invoke (reader.clj:870)
    clojure.tools.reader$read_delimited.invokeStatic (reader.clj:195)
    clojure.tools.reader$read_delimited.invoke (reader.clj:188)
    clojure.tools.reader$read_list.invokeStatic (reader.clj:208)
    clojure.tools.reader$read_list.invoke (reader.clj:204)
    clojure.tools.reader$read_STAR_.invokeStatic (reader.clj:889)
    clojure.tools.reader$read_STAR_.invoke (reader.clj:870)
    clojure.tools.reader$read_delimited.invokeStatic (reader.clj:195)
    clojure.tools.reader$read_delimited.invoke (reader.clj:188)
    clojure.tools.reader$read_list.invokeStatic (reader.clj:208)
    clojure.tools.reader$read_list.invoke (reader.clj:204)
    clojure.tools.reader$read_STAR_.invokeStatic (reader.clj:889)
    clojure.tools.reader$read_STAR_.invoke (reader.clj:870)
    clojure.tools.reader$read.invokeStatic (reader.clj:938)
    clojure.tools.reader$read.invoke (reader.clj:915)
    cljs.analyzer$forms_seq_STAR_$forms_seq___2070$fn__2071$fn__2072.invoke (analyzer.cljc:2656)
[32mSuccessfully compiled "resources/public/js/compiled/orbital-solution.js" in 0.044 seconds.[0m
[0mCompiling "resources/public/js/compiled/orbital-solution.js" from ["src"]...
[31mCompiling "resources/public/js/compiled/orbital-solution.js" failed.
[0mclojure.lang.ExceptionInfo: Invalid token: :refer:
 at clojure.core$ex_info.invokeStatic (core.clj:4617)
    clojure.core$ex_info.invoke (core.clj:4617)
    clojure.tools.reader.reader_types$reader_error.invokeStatic (reader_types.clj:391)
    clojure.tools.reader.reader_types$reader_error.doInvoke (reader_types.clj:387)
    clojure.lang.RestFn.invoke (RestFn.java:439)
    clojure.tools.reader$read_keyword.invokeStatic (reader.clj:360)
    clojure.tools.reader$read_keyword.invoke (reader.clj:343)
    clojure.tools.reader$read_STAR_.invokeStatic (reader.clj:889)
    clojure.tools.reader$read_STAR_.invoke (reader.clj:870)
    clojure.tools.reader$read_delimited.invokeStatic (reader.clj:195)
    clojure.tools.reader$read_delimited.invoke (reader.clj:188)
    clojure.tools.reader$read_vector.invokeStatic (reader.clj:226)
    clojure.tools.reader$read_vector.invoke (reader.clj:222)
    clojure.tools.reader$read_STAR_.invokeStatic (reader.clj:889)
    clojure.tools.reader$read_STAR_.invoke (reader.clj:870)
    clojure.tools.reader$read_delimited.invokeStatic (reader.clj:195)
    clojure.tools.reader$read_delimited.invoke (reader.clj:188)
    clojure.tools.reader$read_list.invokeStatic (reader.clj:208)
    clojure.tools.reader$read_list.invoke (reader.clj:204)
    clojure.tools.reader$read_STAR_.invokeStatic (reader.clj:889)
    clojure.tools.reader$read_STAR_.invoke (reader.clj:870)
    clojure.tools.reader$read_delimited.invokeStatic (reader.clj:195)
    clojure.tools.reader$read_delimited.invoke (reader.clj:188)
    clojure.tools.reader$read_list.invokeStatic (reader.clj:208)
    clojure.tools.reader$read_list.invoke (reader.clj:204)
    clojure.tools.reader$read_STAR_.invokeStatic (reader.clj:889)
    clojure.tools.reader$read_STAR_.invoke (reader.clj:870)
    clojure.tools.reader$read.invokeStatic (reader.clj:938)
    clojure.tools.reader$read.invoke (reader.clj:915)
    cljs.analyzer$forms_seq_STAR_$forms_seq___2070$fn__2071$fn__2072.invoke (analyzer.cljc:2656)
[32mSuccessfully compiled "resources/public/js/compiled/orbital-solution.js" in 0.031 seconds.[0m
[0mCompiling "resources/public/js/compiled/orbital-solution.js" from ["src"]...
[31mCompiling "resources/public/js/compiled/orbital-solution.js" failed.
[0mclojure.lang.ExceptionInfo: Invalid token: :refer:
 at clojure.core$ex_info.invokeStatic (core.clj:4617)
    clojure.core$ex_info.invoke (core.clj:4617)
    clojure.tools.reader.reader_types$reader_error.invokeStatic (reader_types.clj:391)
    clojure.tools.reader.reader_types$reader_error.doInvoke (reader_types.clj:387)
    clojure.lang.RestFn.invoke (RestFn.java:439)
    clojure.tools.reader$read_keyword.invokeStatic (reader.clj:360)
    clojure.tools.reader$read_keyword.invoke (reader.clj:343)
    clojure.tools.reader$read_STAR_.invokeStatic (reader.clj:889)
    clojure.tools.reader$read_STAR_.invoke (reader.clj:870)
    clojure.tools.reader$read_delimited.invokeStatic (reader.clj:195)
    clojure.tools.reader$read_delimited.invoke (reader.clj:188)
    clojure.tools.reader$read_vector.invokeStatic (reader.clj:226)
    clojure.tools.reader$read_vector.invoke (reader.clj:222)
    clojure.tools.reader$read_STAR_.invokeStatic (reader.clj:889)
    clojure.tools.reader$read_STAR_.invoke (reader.clj:870)
    clojure.tools.reader$read_delimited.invokeStatic (reader.clj:195)
    clojure.tools.reader$read_delimited.invoke (reader.clj:188)
    clojure.tools.reader$read_list.invokeStatic (reader.clj:208)
    clojure.tools.reader$read_list.invoke (reader.clj:204)
    clojure.tools.reader$read_STAR_.invokeStatic (reader.clj:889)
    clojure.tools.reader$read_STAR_.invoke (reader.clj:870)
    clojure.tools.reader$read_delimited.invokeStatic (reader.clj:195)
    clojure.tools.reader$read_delimited.invoke (reader.clj:188)
    clojure.tools.reader$read_list.invokeStatic (reader.clj:208)
    clojure.tools.reader$read_list.invoke (reader.clj:204)
    clojure.tools.reader$read_STAR_.invokeStatic (reader.clj:889)
    clojure.tools.reader$read_STAR_.invoke (reader.clj:870)
    clojure.tools.reader$read.invokeStatic (reader.clj:938)
    clojure.tools.reader$read.invoke (reader.clj:915)
    cljs.analyzer$forms_seq_STAR_$forms_seq___2070$fn__2071$fn__2072.invoke (analyzer.cljc:2656)
[32mSuccessfully compiled "resources/public/js/compiled/orbital-solution.js" in 0.037 seconds.[0m
[0mCompiling "resources/public/js/compiled/orbital-solution.js" from ["src"]...
[31mCompiling "resources/public/js/compiled/orbital-solution.js" failed.
[0mclojure.lang.ExceptionInfo: Invalid token: :refer:
 at clojure.core$ex_info.invokeStatic (core.clj:4617)
    clojure.core$ex_info.invoke (core.clj:4617)
    clojure.tools.reader.reader_types$reader_error.invokeStatic (reader_types.clj:391)
    clojure.tools.reader.reader_types$reader_error.doInvoke (reader_types.clj:387)
    clojure.lang.RestFn.invoke (RestFn.java:439)
    clojure.tools.reader$read_keyword.invokeStatic (reader.clj:360)
    clojure.tools.reader$read_keyword.invoke (reader.clj:343)
    clojure.tools.reader$read_STAR_.invokeStatic (reader.clj:889)
    clojure.tools.reader$read_STAR_.invoke (reader.clj:870)
    clojure.tools.reader$read_delimited.invokeStatic (reader.clj:195)
    clojure.tools.reader$read_delimited.invoke (reader.clj:188)
    clojure.tools.reader$read_vector.invokeStatic (reader.clj:226)
    clojure.tools.reader$read_vector.invoke (reader.clj:222)
    clojure.tools.reader$read_STAR_.invokeStatic (reader.clj:889)
    clojure.tools.reader$read_STAR_.invoke (reader.clj:870)
    clojure.tools.reader$read_delimited.invokeStatic (reader.clj:195)
    clojure.tools.reader$read_delimited.invoke (reader.clj:188)
    clojure.tools.reader$read_list.invokeStatic (reader.clj:208)
    clojure.tools.reader$read_list.invoke (reader.clj:204)
    clojure.tools.reader$read_STAR_.invokeStatic (reader.clj:889)
    clojure.tools.reader$read_STAR_.invoke (reader.clj:870)
    clojure.tools.reader$read_delimited.invokeStatic (reader.clj:195)
    clojure.tools.reader$read_delimited.invoke (reader.clj:188)
    clojure.tools.reader$read_list.invokeStatic (reader.clj:208)
    clojure.tools.reader$read_list.invoke (reader.clj:204)
    clojure.tools.reader$read_STAR_.invokeStatic (reader.clj:889)
    clojure.tools.reader$read_STAR_.invoke (reader.clj:870)
    clojure.tools.reader$read.invokeStatic (reader.clj:938)
    clojure.tools.reader$read.invoke (reader.clj:915)
    cljs.analyzer$forms_seq_STAR_$forms_seq___2070$fn__2071$fn__2072.invoke (analyzer.cljc:2656)
[32mSuccessfully compiled "resources/public/js/compiled/orbital-solution.js" in 0.101 seconds.[0m
[0mCompiling "resources/public/js/compiled/orbital-solution.js" from ["src"]...
[31mCompiling "resources/public/js/compiled/orbital-solution.js" failed.
[0mANALYSIS ERROR: No such namespace: clojure.math.numeric-tower, could not locate clojure/math/numeric_tower.cljs, clojure/math/numeric_tower.cljc, or Closure namespace "clojure.math.numeric-tower" in file src/orbit/common.cljs on file null, line null, column null
[32mSuccessfully compiled "resources/public/js/compiled/orbital-solution.js" in 5.054 seconds.[0m
[0mCompiling "resources/public/js/compiled/orbital-solution.js" from ["src"]...
[31mCompiling "resources/public/js/compiled/orbital-solution.js" failed.
[0mANALYSIS ERROR: No such namespace: clojure.math.numeric-tower, could not locate clojure/math/numeric_tower.cljs, clojure/math/numeric_tower.cljc, or Closure namespace "clojure.math.numeric-tower" in file src/orbit/common.cljs on file null, line null, column null
[32mSuccessfully compiled "resources/public/js/compiled/orbital-solution.js" in 0.163 seconds.[0m
[0mCompiling "resources/public/js/compiled/orbital-solution.js" from ["src"]...
[31mCompiling "resources/public/js/compiled/orbital-solution.js" failed.
[0mANALYSIS ERROR: No such namespace: clojure.math.numeric-tower, could not locate clojure/math/numeric_tower.cljs, clojure/math/numeric_tower.cljc, or Closure namespace "clojure.math.numeric-tower" in file src/orbit/common.cljs on file null, line null, column null
[32mSuccessfully compiled "resources/public/js/compiled/orbital-solution.js" in 0.222 seconds.[0m
[0mCompiling "resources/public/js/compiled/orbital-solution.js" from ["src"]...
[31mCompiling "resources/public/js/compiled/orbital-solution.js" failed.
[0mANALYSIS ERROR: No such namespace: clojure.math.numeric-tower, could not locate clojure/math/numeric_tower.cljs, clojure/math/numeric_tower.cljc, or Closure namespace "clojure.math.numeric-tower" in file src/orbit/common.cljs on file null, line null, column null
[32mSuccessfully compiled "resources/public/js/compiled/orbital-solution.js" in 0.156 seconds.[0m
[0mCompiling "resources/public/js/compiled/orbital-solution.js" from ["src"]...
[31mCompiling "resources/public/js/compiled/orbital-solution.js" failed.
[0mANALYSIS ERROR: No such namespace: clojure.math.numeric-tower, could not locate clojure/math/numeric_tower.cljs, clojure/math/numeric_tower.cljc, or Closure namespace "clojure.math.numeric-tower" in file src/orbit/common.cljs on file null, line null, column null
[32mSuccessfully compiled "resources/public/js/compiled/orbital-solution.js" in 0.181 seconds.[0m
[0mCompiling "resources/public/js/compiled/orbital-solution.js" from ["src"]...
[31mCompiling "resources/public/js/compiled/orbital-solution.js" failed.
[0mANALYSIS ERROR: No such namespace: clojure.math.numeric-tower, could not locate clojure/math/numeric_tower.cljs, clojure/math/numeric_tower.cljc, or Closure namespace "clojure.math.numeric-tower" in file src/orbit/common.cljs on file null, line null, column null
[32mSuccessfully compiled "resources/public/js/compiled/orbital-solution.js" in 0.286 seconds.[0m
[0mCompiling "resources/public/js/compiled/orbital-solution.js" from ["src"]...
[31mCompiling "resources/public/js/compiled/orbital-solution.js" failed.
[0mANALYSIS ERROR: No such namespace: clojure.math.numeric-tower, could not locate clojure/math/numeric_tower.cljs, clojure/math/numeric_tower.cljc, or Closure namespace "clojure.math.numeric-tower" in file src/orbit/common.cljs on file null, line null, column null
[32mSuccessfully compiled "resources/public/js/compiled/orbital-solution.js" in 0.26 seconds.[0m
[0mCompiling "resources/public/js/compiled/orbital-solution.js" from ["src"]...
[31mCompiling "resources/public/js/compiled/orbital-solution.js" failed.
[0mANALYSIS ERROR: No such namespace: clojure.math.numeric-tower, could not locate clojure/math/numeric_tower.cljs, clojure/math/numeric_tower.cljc, or Closure namespace "clojure.math.numeric-tower" in file src/orbit/common.cljs on file null, line null, column null
[32mSuccessfully compiled "resources/public/js/compiled/orbital-solution.js" in 0.28 seconds.[0m
[0mCompiling "resources/public/js/compiled/orbital-solution.js" from ["src"]...
WARNING: No such namespace: Double, could not locate Double.cljs, Double.cljc, or Closure namespace "" at line 7 src/orbit/parse.cljs
WARNING: Use of undeclared Var Double/parseDouble at line 7 src/orbit/parse.cljs
[31mCompiling "resources/public/js/compiled/orbital-solution.js" failed.
[0mANALYSIS ERROR: No such namespace: clojure.math.numeric-tower, could not locate clojure/math/numeric_tower.cljs, clojure/math/numeric_tower.cljc, or Closure namespace "clojure.math.numeric-tower" in file /Users/jaakko.leikko/git/orbital-solution/src/orbit/intersections.cljs on file null, line null, column null
[32mSuccessfully compiled "resources/public/js/compiled/orbital-solution.js" in 2.092 seconds.[0m
[0mCompiling "resources/public/js/compiled/orbital-solution.js" from ["src"]...
WARNING: No such namespace: Double, could not locate Double.cljs, Double.cljc, or Closure namespace "" at line 7 src/orbit/parse.cljs
WARNING: Use of undeclared Var Double/parseDouble at line 7 src/orbit/parse.cljs
[31mCompiling "resources/public/js/compiled/orbital-solution.js" failed.
[0mANALYSIS ERROR: No such namespace: clojure.math.numeric-tower, could not locate clojure/math/numeric_tower.cljs, clojure/math/numeric_tower.cljc, or Closure namespace "clojure.math.numeric-tower" in file /Users/jaakko.leikko/git/orbital-solution/src/orbit/intersections.cljs on file null, line null, column null
[32mSuccessfully compiled "resources/public/js/compiled/orbital-solution.js" in 0.328 seconds.[0m
[0mCompiling "resources/public/js/compiled/orbital-solution.js" from ["src"]...
WARNING: Wrong number of args (2) passed to orbit.common/expt at line 5 src/orbit/intersections.cljs
WARNING: Wrong number of args (2) passed to orbit.common/expt at line 6 src/orbit/intersections.cljs
WARNING: Wrong number of args (2) passed to orbit.common/expt at line 7 src/orbit/intersections.cljs
WARNING: Wrong number of args (2) passed to orbit.common/expt at line 16 src/orbit/intersections.cljs
WARNING: Wrong number of args (2) passed to orbit.common/expt at line 17 src/orbit/intersections.cljs
WARNING: Wrong number of args (2) passed to orbit.common/expt at line 18 src/orbit/intersections.cljs
WARNING: Wrong number of args (2) passed to orbit.common/expt at line 19 src/orbit/intersections.cljs
WARNING: Use of undeclared Var orbit.intersections/sqrt at line 34 src/orbit/intersections.cljs
WARNING: Wrong number of args (2) passed to orbit.common/expt at line 34 src/orbit/intersections.cljs
[31mCompiling "resources/public/js/compiled/orbital-solution.js" failed.
[0mANALYSIS ERROR: Parameter declaration "let" should be a vector at line 5 /Users/jaakko.leikko/git/orbital-solution/src/orbit/core.cljs on file /Users/jaakko.leikko/git/orbital-solution/src/orbit/core.cljs, line 5, column 1
[32mSuccessfully compiled "resources/public/js/compiled/orbital-solution.js" in 0.289 seconds.[0m
[0mCompiling "resources/public/js/compiled/orbital-solution.js" from ["src"]...
WARNING: Wrong number of args (2) passed to orbit.common/expt at line 5 src/orbit/intersections.cljs
WARNING: Wrong number of args (2) passed to orbit.common/expt at line 6 src/orbit/intersections.cljs
WARNING: Wrong number of args (2) passed to orbit.common/expt at line 7 src/orbit/intersections.cljs
WARNING: Wrong number of args (2) passed to orbit.common/expt at line 16 src/orbit/intersections.cljs
WARNING: Wrong number of args (2) passed to orbit.common/expt at line 17 src/orbit/intersections.cljs
WARNING: Wrong number of args (2) passed to orbit.common/expt at line 18 src/orbit/intersections.cljs
WARNING: Wrong number of args (2) passed to orbit.common/expt at line 19 src/orbit/intersections.cljs
WARNING: Wrong number of args (2) passed to orbit.common/expt at line 34 src/orbit/intersections.cljs
[31mCompiling "resources/public/js/compiled/orbital-solution.js" failed.
[0mANALYSIS ERROR: Parameter declaration "let" should be a vector at line 5 /Users/jaakko.leikko/git/orbital-solution/src/orbit/core.cljs on file /Users/jaakko.leikko/git/orbital-solution/src/orbit/core.cljs, line 5, column 1
[32mSuccessfully compiled "resources/public/js/compiled/orbital-solution.js" in 0.283 seconds.[0m
[0mCompiling "resources/public/js/compiled/orbital-solution.js" from ["src"]...
WARNING: Wrong number of args (2) passed to orbit.common/expt at line 5 src/orbit/intersections.cljs
WARNING: Wrong number of args (2) passed to orbit.common/expt at line 6 src/orbit/intersections.cljs
WARNING: Wrong number of args (2) passed to orbit.common/expt at line 7 src/orbit/intersections.cljs
WARNING: Wrong number of args (2) passed to orbit.common/expt at line 16 src/orbit/intersections.cljs
WARNING: Wrong number of args (2) passed to orbit.common/expt at line 17 src/orbit/intersections.cljs
WARNING: Wrong number of args (2) passed to orbit.common/expt at line 18 src/orbit/intersections.cljs
WARNING: Wrong number of args (2) passed to orbit.common/expt at line 19 src/orbit/intersections.cljs
WARNING: Wrong number of args (2) passed to orbit.common/expt at line 34 src/orbit/intersections.cljs
[31mCompiling "resources/public/js/compiled/orbital-solution.js" failed.
[0mANALYSIS ERROR: Parameter declaration "let" should be a vector at line 5 /Users/jaakko.leikko/git/orbital-solution/src/orbit/core.cljs on file /Users/jaakko.leikko/git/orbital-solution/src/orbit/core.cljs, line 5, column 1
[32mSuccessfully compiled "resources/public/js/compiled/orbital-solution.js" in 0.243 seconds.[0m
[0mCompiling "resources/public/js/compiled/orbital-solution.js" from ["src"]...
[31mCompiling "resources/public/js/compiled/orbital-solution.js" failed.
[0mANALYSIS ERROR: Parameter declaration missing at line 5 /Users/jaakko.leikko/git/orbital-solution/src/orbit/core.cljs on file /Users/jaakko.leikko/git/orbital-solution/src/orbit/core.cljs, line 5, column 1
[32mSuccessfully compiled "resources/public/js/compiled/orbital-solution.js" in 0.188 seconds.[0m
[0mCompiling "resources/public/js/compiled/orbital-solution.js" from ["src"]...
[31mCompiling "resources/public/js/compiled/orbital-solution.js" failed.
[0mANALYSIS ERROR: Parameter declaration "let" should be a vector at line 8 /Users/jaakko.leikko/git/orbital-solution/src/orbit/core.cljs on file /Users/jaakko.leikko/git/orbital-solution/src/orbit/core.cljs, line 8, column 1
[32mSuccessfully compiled "resources/public/js/compiled/orbital-solution.js" in 0.199 seconds.[0m
[0mCompiling "resources/public/js/compiled/orbital-solution.js" from ["src"]...
[31mCompiling "resources/public/js/compiled/orbital-solution.js" failed.
[0mANALYSIS ERROR: Parameter declaration "let" should be a vector at line 8 /Users/jaakko.leikko/git/orbital-solution/src/orbit/core.cljs on file /Users/jaakko.leikko/git/orbital-solution/src/orbit/core.cljs, line 8, column 1
[32mSuccessfully compiled "resources/public/js/compiled/orbital-solution.js" in 0.234 seconds.[0m
[0mCompiling "resources/public/js/compiled/orbital-solution.js" from ["src"]...
[31mCompiling "resources/public/js/compiled/orbital-solution.js" failed.
[0mANALYSIS ERROR: Parameter declaration "let" should be a vector at line 8 /Users/jaakko.leikko/git/orbital-solution/src/orbit/core.cljs on file /Users/jaakko.leikko/git/orbital-solution/src/orbit/core.cljs, line 8, column 1
[32mSuccessfully compiled "resources/public/js/compiled/orbital-solution.js" in 0.218 seconds.[0m
[0mCompiling "resources/public/js/compiled/orbital-solution.js" from ["src"]...
[31mCompiling "resources/public/js/compiled/orbital-solution.js" failed.
[0mANALYSIS ERROR: No such namespace: clj-http.client, could not locate clj_http/client.cljs, clj_http/client.cljc, or Closure namespace "clj-http.client" in file src/orbit/net.cljs on file null, line null, column null
[32mSuccessfully compiled "resources/public/js/compiled/orbital-solution.js" in 1.185 seconds.[0m
[0mCompiling "resources/public/js/compiled/orbital-solution.js" from ["src"]...
WARNING: Use of undeclared Var orbital-solution.core/solve-challenge at line 94 /Users/jaakko.leikko/git/orbital-solution/src/orbital_solution/core.cljs
notifying browser that file changed:  resources/public/js/compiled/out/goog/deps.js
notifying browser that file changed:  resources/public/js/compiled/out/cljs_deps.js
notifying browser that file changed:  out/orbit/core.js
[32mSuccessfully compiled "resources/public/js/compiled/orbital-solution.js" in 2.074 seconds.[0m
[0mCompiling "resources/public/js/compiled/orbital-solution.js" from ["src"]...
WARNING: Use of undeclared Var orbital-solution.core/solve-challenge at line 94 /Users/jaakko.leikko/git/orbital-solution/src/orbital_solution/core.cljs
notifying browser that file changed:  resources/public/js/compiled/out/goog/deps.js
notifying browser that file changed:  resources/public/js/compiled/out/cljs_deps.js
notifying browser that file changed:  out/orbit/parse.js
[32mSuccessfully compiled "resources/public/js/compiled/orbital-solution.js" in 0.486 seconds.[0m
[0mCompiling "resources/public/js/compiled/orbital-solution.js" from ["src"]...
notifying browser that file changed:  resources/public/js/compiled/out/goog/deps.js
notifying browser that file changed:  resources/public/js/compiled/out/cljs_deps.js
notifying browser that file changed:  out/orbital_solution/core.js
[32mSuccessfully compiled "resources/public/js/compiled/orbital-solution.js" in 0.469 seconds.[0m
[0mCompiling "resources/public/js/compiled/orbital-solution.js" from ["src"]...
WARNING: Use of undeclared Var orbit.coords/Math at line 7 src/orbit/coords.cljs
notifying browser that file changed:  out/orbit/coords.js
[32mSuccessfully compiled "resources/public/js/compiled/orbital-solution.js" in 0.462 seconds.[0m
[0mCompiling "resources/public/js/compiled/orbital-solution.js" from ["src"]...
notifying browser that file changed:  resources/public/js/compiled/out/goog/deps.js
notifying browser that file changed:  resources/public/js/compiled/out/cljs_deps.js
notifying browser that file changed:  out/orbit/coords.js
[32mSuccessfully compiled "resources/public/js/compiled/orbital-solution.js" in 0.65 seconds.[0m
[0mCompiling "resources/public/js/compiled/orbital-solution.js" from ["src"]...
notifying browser that file changed:  out/orbit/coords.js
[32mSuccessfully compiled "resources/public/js/compiled/orbital-solution.js" in 0.479 seconds.[0m
[0mCompiling "resources/public/js/compiled/orbital-solution.js" from ["src"]...
notifying browser that file changed:  out/orbit/coords.js
[32mSuccessfully compiled "resources/public/js/compiled/orbital-solution.js" in 0.355 seconds.[0m
[0mCompiling "resources/public/js/compiled/orbital-solution.js" from ["src"]...
notifying browser that file changed:  out/orbit/coords.js
[32mSuccessfully compiled "resources/public/js/compiled/orbital-solution.js" in 0.423 seconds.[0m
[0mCompiling "resources/public/js/compiled/orbital-solution.js" from ["src"]...
[31mCompiling "resources/public/js/compiled/orbital-solution.js" failed.
[0mERROR: EOF while reading string on file /Users/jaakko.leikko/git/orbital-solution/src/orbit/core.cljs, line 17, column 1
[32mSuccessfully compiled "resources/public/js/compiled/orbital-solution.js" in 0.156 seconds.[0m
[0mCompiling "resources/public/js/compiled/orbital-solution.js" from ["src"]...
notifying browser that file changed:  out/orbit/core.js
[32mSuccessfully compiled "resources/public/js/compiled/orbital-solution.js" in 0.35 seconds.[0m
[0mCompiling "resources/public/js/compiled/orbital-solution.js" from ["src"]...
notifying browser that file changed:  out/orbit/core.js
[32mSuccessfully compiled "resources/public/js/compiled/orbital-solution.js" in 0.315 seconds.[0m
[0mCompiling "resources/public/js/compiled/orbital-solution.js" from ["src"]...
[31mCompiling "resources/public/js/compiled/orbital-solution.js" failed.
[0mANALYSIS ERROR: Parameter declaration missing at line 5 /Users/jaakko.leikko/git/orbital-solution/src/orbit/core.cljs on file /Users/jaakko.leikko/git/orbital-solution/src/orbit/core.cljs, line 5, column 1
[32mSuccessfully compiled "resources/public/js/compiled/orbital-solution.js" in 0.204 seconds.[0m
[0mCompiling "resources/public/js/compiled/orbital-solution.js" from ["src"]...
notifying browser that file changed:  resources/public/js/compiled/out/goog/deps.js
notifying browser that file changed:  resources/public/js/compiled/out/cljs_deps.js
notifying browser that file changed:  out/orbit/core.js
[32mSuccessfully compiled "resources/public/js/compiled/orbital-solution.js" in 1.771 seconds.[0m
[0mCompiling "resources/public/js/compiled/orbital-solution.js" from ["src"]...
notifying browser that file changed:  out/orbit/core.js
[32mSuccessfully compiled "resources/public/js/compiled/orbital-solution.js" in 0.366 seconds.[0m
[0mCompiling "resources/public/js/compiled/orbital-solution.js" from ["src"]...
notifying browser that file changed:  out/orbit/core.js
[32mSuccessfully compiled "resources/public/js/compiled/orbital-solution.js" in 0.323 seconds.[0m
[0mCompiling "resources/public/js/compiled/orbital-solution.js" from ["src"]...
notifying browser that file changed:  out/orbit/core.js
[32mSuccessfully compiled "resources/public/js/compiled/orbital-solution.js" in 0.394 seconds.[0m
[0mCompiling "resources/public/js/compiled/orbital-solution.js" from ["src"]...
notifying browser that file changed:  resources/public/js/compiled/out/cljs_deps.js
notifying browser that file changed:  out/orbit/coords.js
[32mSuccessfully compiled "resources/public/js/compiled/orbital-solution.js" in 0.519 seconds.[0m
